#
# There is insufficient memory for the Java Runtime Environment to continue.
# Native memory allocation (malloc) failed to allocate 1048576 bytes for AllocateHeap
# Possible reasons:
#   The system is out of physical RAM or swap space
#   The process is running with CompressedOops enabled, and the Java Heap may be blocking the growth of the native heap
# Possible solutions:
#   Reduce memory load on the system
#   Increase physical memory or swap space
#   Check if swap backing store is full
#   Decrease Java heap size (-Xmx/-Xms)
#   Decrease number of Java threads
#   Decrease Java thread stack sizes (-Xss)
#   Set larger code cache with -XX:ReservedCodeCacheSize=
#   JVM is running with Unscaled Compressed Oops mode in which the Java heap is
#     placed in the first 4GB address space. The Java Heap base address is the
#     maximum limit for the native heap growth. Please use -XX:HeapBaseMinAddress
#     to set the Java Heap base and to place the Java Heap above 4GB virtual address.
# This output file may be truncated or incomplete.
#
#  Out of Memory Error (allocation.cpp:44), pid=21164, tid=17348
#
# JRE version: OpenJDK Runtime Environment Temurin-17.0.7+7 (17.0.7+7) (build 17.0.7+7)
# Java VM: OpenJDK 64-Bit Server VM Temurin-17.0.7+7 (17.0.7+7, mixed mode, emulated-client, tiered, compressed oops, compressed class ptrs, g1 gc, windows-amd64)
# No core dump will be written. Minidumps are not enabled by default on client versions of Windows
#

---------------  S U M M A R Y ------------

Command Line: -XX:+HeapDumpOnOutOfMemoryError -Xmx1024m -Dsts.lsp.client=vscode -Dsts.log.file=/dev/null -XX:TieredStopAtLevel=1 -Xlog:jni+resolve=off -Dspring.config.location=file:c:\Users\HP\.vscode\extensions\vmware.vscode-spring-boot-1.47.0\language-server\BOOT-INF\classes\application.properties org.springframework.ide.vscode.boot.app.BootLanguageServerBootApp

Host: AMD Athlon Silver 3050U with Radeon Graphics   , 2 cores, 5G,  Windows 11 , 64 bit Build 22621 (10.0.22621.1778)
Time: Sun Jun 25 10:28:58 2023 E. Africa Standard Time elapsed time: 2180.488442 seconds (0d 0h 36m 20s)

---------------  T H R E A D  ---------------

Current thread (0x000001cae2e275b0):  VMThread "VM Thread" [stack: 0x00000026a3d00000,0x00000026a3e00000] [id=17348]

Stack: [0x00000026a3d00000,0x00000026a3e00000]
Native frames: (J=compiled Java code, j=interpreted, Vv=VM code, C=native code)
V  [jvm.dll+0x67754a]
V  [jvm.dll+0x834304]
V  [jvm.dll+0x835aae]
V  [jvm.dll+0x836113]
V  [jvm.dll+0x24696f]
V  [jvm.dll+0xa681f]
V  [jvm.dll+0x2f73f3]
V  [jvm.dll+0x2f30f0]
V  [jvm.dll+0x2db6c7]
V  [jvm.dll+0x31e777]
V  [jvm.dll+0x83a5bb]
V  [jvm.dll+0x83b2f4]
V  [jvm.dll+0x83b80c]
V  [jvm.dll+0x83bbe4]
V  [jvm.dll+0x83bcb0]
V  [jvm.dll+0x7e4e7a]
V  [jvm.dll+0x676395]
C  [ucrtbase.dll+0x29363]
C  [KERNEL32.DLL+0x126ad]
C  [ntdll.dll+0x5a9f8]

VM_Operation (0x00000026a4cfeda0): G1CollectFull, mode: safepoint, requested by thread 0x000001cae8392450


---------------  P R O C E S S  ---------------

Threads class SMR info:
_java_thread_list=0x000001cae8758af0, length=18, elements={
0x000001cae2e3d380, 0x000001cae2e3e5e0, 0x000001cae2e6b5b0, 0x000001cae2e6df80,
0x000001cae2e70850, 0x000001cae2e71110, 0x000001cae2e71a80, 0x000001cae7012010,
0x000001cae71ce580, 0x000001cae71d54a0, 0x000001cae76779e0, 0x000001cae712e730,
0x000001cae8392450, 0x000001cae863b090, 0x000001cad8d14ab0, 0x000001cae8332320,
0x000001cae877f840, 0x000001cae87b57f0
}

Java Threads: ( => current thread )
  0x000001cae2e3d380 JavaThread "Reference Handler" daemon [_thread_blocked, id=6868, stack(0x00000026a3e00000,0x00000026a3f00000)]
  0x000001cae2e3e5e0 JavaThread "Finalizer" daemon [_thread_blocked, id=10628, stack(0x00000026a3f00000,0x00000026a4000000)]
  0x000001cae2e6b5b0 JavaThread "Signal Dispatcher" daemon [_thread_blocked, id=18684, stack(0x00000026a4000000,0x00000026a4100000)]
  0x000001cae2e6df80 JavaThread "Attach Listener" daemon [_thread_blocked, id=16348, stack(0x00000026a4100000,0x00000026a4200000)]
  0x000001cae2e70850 JavaThread "Service Thread" daemon [_thread_blocked, id=10400, stack(0x00000026a4200000,0x00000026a4300000)]
  0x000001cae2e71110 JavaThread "Monitor Deflation Thread" daemon [_thread_blocked, id=20148, stack(0x00000026a4300000,0x00000026a4400000)]
  0x000001cae2e71a80 JavaThread "C1 CompilerThread0" daemon [_thread_blocked, id=6056, stack(0x00000026a4400000,0x00000026a4500000)]
  0x000001cae7012010 JavaThread "Sweeper thread" daemon [_thread_blocked, id=15120, stack(0x00000026a4500000,0x00000026a4600000)]
  0x000001cae71ce580 JavaThread "Notification Thread" daemon [_thread_blocked, id=10644, stack(0x00000026a4600000,0x00000026a4700000)]
  0x000001cae71d54a0 JavaThread "Common-Cleaner" daemon [_thread_blocked, id=21428, stack(0x00000026a4800000,0x00000026a4900000)]
  0x000001cae76779e0 JavaThread "boundedElastic-evictor-1" daemon [_thread_blocked, id=4600, stack(0x00000026a4a00000,0x00000026a4b00000)]
  0x000001cae712e730 JavaThread "boundedElastic-evictor-2" daemon [_thread_blocked, id=11956, stack(0x00000026a4b00000,0x00000026a4c00000)]
  0x000001cae8392450 JavaThread "pool-10-thread-1" [_thread_blocked, id=19392, stack(0x00000026a4c00000,0x00000026a4d00000)]
  0x000001cae863b090 JavaThread "LanguageServerApp-lifecycle" [_thread_blocked, id=8696, stack(0x00000026a4d00000,0x00000026a4e00000)]
  0x000001cad8d14ab0 JavaThread "DestroyJavaVM" [_thread_blocked, id=10568, stack(0x00000026a3700000,0x00000026a3800000)]
  0x000001cae8332320 JavaThread "pool-11-thread-1" [_thread_in_native, id=6628, stack(0x00000026a4e00000,0x00000026a4f00000)]
  0x000001cae877f840 JavaThread "Simple-Language-Server main thread" daemon [_thread_blocked, id=3960, stack(0x00000026a4f00000,0x00000026a5000000)]
  0x000001cae87b57f0 JavaThread "pool-6-thread-1" [_thread_blocked, id=19636, stack(0x00000026a5000000,0x00000026a5100000)]

Other Threads:
=>0x000001cae2e275b0 VMThread "VM Thread" [stack: 0x00000026a3d00000,0x00000026a3e00000] [id=17348]
  0x000001cae71d4a70 WatcherThread [stack: 0x00000026a4700000,0x00000026a4800000] [id=9748]
  0x000001cad8d51a70 GCTaskThread "GC Thread#0" [stack: 0x00000026a3800000,0x00000026a3900000] [id=9308]
  0x000001cae7502610 GCTaskThread "GC Thread#1" [stack: 0x00000026a4900000,0x00000026a4a00000] [id=19664]
  0x000001cad8d5a8c0 ConcurrentGCThread "G1 Main Marker" [stack: 0x00000026a3900000,0x00000026a3a00000] [id=15272]
  0x000001cad8d5b340 ConcurrentGCThread "G1 Conc#0" [stack: 0x00000026a3a00000,0x00000026a3b00000] [id=21264]
  0x000001cad8db2a50 ConcurrentGCThread "G1 Refine#0" [stack: 0x00000026a3b00000,0x00000026a3c00000] [id=21112]
  0x000001cad8db34e0 ConcurrentGCThread "G1 Service" [stack: 0x00000026a3c00000,0x00000026a3d00000] [id=20264]

Threads with active compile tasks:

VM state: at safepoint (normal execution)

VM Mutex/Monitor currently owned by a thread:  ([mutex/lock_event])
[0x000001cad6b4ea20] Threads_lock - owner thread: 0x000001cae2e275b0
[0x000001cad8d11ab0] Heap_lock - owner thread: 0x000001cae8392450

Heap address: 0x00000000c0000000, size: 1024 MB, Compressed Oops mode: 32-bit

CDS archive(s) not mapped
Compressed class space mapped at: 0x0000000100000000-0x0000000140000000, reserved size: 1073741824
Narrow klass base: 0x0000000000000000, Narrow klass shift: 3, Narrow klass range: 0x140000000

GC Precious Log:
 CPUs: 2 total, 2 available
 Memory: 6086M
 Large Page Support: Disabled
 NUMA Support: Disabled
 Compressed Oops: Enabled (32-bit)
 Heap Region Size: 1M
 Heap Min Capacity: 8M
 Heap Initial Capacity: 96M
 Heap Max Capacity: 1G
 Pre-touch: Disabled
 Parallel Workers: 2
 Concurrent Workers: 1
 Concurrent Refinement Workers: 2
 Periodic GC: Disabled

Heap:
 garbage-first heap   total 55296K, used 18049K [0x00000000c0000000, 0x0000000100000000)
  region size 1024K, 1 young (1024K), 0 survivors (0K)
 Metaspace       used 37112K, committed 37568K, reserved 1114112K
  class space    used 4807K, committed 4992K, reserved 1048576K

Heap Regions: E=young(eden), S=young(survivor), O=old, HS=humongous(starts), HC=humongous(continues), CS=collection set, F=free, OA=open archive, CA=closed archive, TAMS=top-at-mark-start (previous, next)
|   0|0x00000000c0000000, 0x00000000c0100000, 0x00000000c0100000|100%|HS|  |TAMS 0x00000000c0100000, 0x00000000c0000000| Untracked 
|   1|0x00000000c0100000, 0x00000000c01ffff8, 0x00000000c0200000| 99%| O|  |TAMS 0x00000000c01ffff8, 0x00000000c0100000| Untracked 
|   2|0x00000000c0200000, 0x00000000c0300000, 0x00000000c0300000|100%| O|  |TAMS 0x00000000c0300000, 0x00000000c0200000| Untracked 
|   3|0x00000000c0300000, 0x00000000c0400000, 0x00000000c0400000|100%| O|  |TAMS 0x00000000c0400000, 0x00000000c0300000| Untracked 
|   4|0x00000000c0400000, 0x00000000c0500000, 0x00000000c0500000|100%| O|  |TAMS 0x00000000c0500000, 0x00000000c0400000| Untracked 
|   5|0x00000000c0500000, 0x00000000c05fde08, 0x00000000c0600000| 99%| O|  |TAMS 0x00000000c05fde08, 0x00000000c0500000| Untracked 
|   6|0x00000000c0600000, 0x00000000c0700000, 0x00000000c0700000|100%| O|  |TAMS 0x00000000c0700000, 0x00000000c0600000| Untracked 
|   7|0x00000000c0700000, 0x00000000c07ffff0, 0x00000000c0800000| 99%| O|  |TAMS 0x00000000c07ffff0, 0x00000000c0700000| Untracked 
|   8|0x00000000c0800000, 0x00000000c08ffff0, 0x00000000c0900000| 99%| O|  |TAMS 0x00000000c08ffff0, 0x00000000c0800000| Untracked 
|   9|0x00000000c0900000, 0x00000000c09fffc0, 0x00000000c0a00000| 99%| O|  |TAMS 0x00000000c09fffc0, 0x00000000c0900000| Untracked 
|  10|0x00000000c0a00000, 0x00000000c0affff0, 0x00000000c0b00000| 99%| O|  |TAMS 0x00000000c0affff0, 0x00000000c0a00000| Untracked 
|  11|0x00000000c0b00000, 0x00000000c0bfffe0, 0x00000000c0c00000| 99%| O|  |TAMS 0x00000000c0bfffe0, 0x00000000c0b00000| Untracked 
|  12|0x00000000c0c00000, 0x00000000c0cfffc8, 0x00000000c0d00000| 99%| O|  |TAMS 0x00000000c0cfffc8, 0x00000000c0c00000| Untracked 
|  13|0x00000000c0d00000, 0x00000000c0e00000, 0x00000000c0e00000|100%| O|  |TAMS 0x00000000c0e00000, 0x00000000c0d00000| Untracked 
|  14|0x00000000c0e00000, 0x00000000c0f00000, 0x00000000c0f00000|100%| O|  |TAMS 0x00000000c0f00000, 0x00000000c0e00000| Untracked 
|  15|0x00000000c0f00000, 0x00000000c0fffff8, 0x00000000c1000000| 99%| O|  |TAMS 0x00000000c0fffff8, 0x00000000c0f00000| Untracked 
|  16|0x00000000c1000000, 0x00000000c10fffe8, 0x00000000c1100000| 99%| O|  |TAMS 0x00000000c10fffe8, 0x00000000c1000000| Untracked 
|  17|0x00000000c1100000, 0x00000000c11a04d0, 0x00000000c1200000| 62%| O|  |TAMS 0x00000000c1100000, 0x00000000c1100000| Untracked 
|  18|0x00000000c1200000, 0x00000000c12022b8, 0x00000000c1300000|  0%| O|  |TAMS 0x00000000c1200000, 0x00000000c1200000| Untracked 
|  19|0x00000000c1300000, 0x00000000c1300000, 0x00000000c1400000|  0%| F|  |TAMS 0x00000000c1300000, 0x00000000c1300000| Untracked 
|  20|0x00000000c1400000, 0x00000000c1400000, 0x00000000c1500000|  0%| F|  |TAMS 0x00000000c1400000, 0x00000000c1400000| Untracked 
|  21|0x00000000c1500000, 0x00000000c1500000, 0x00000000c1600000|  0%| F|  |TAMS 0x00000000c1500000, 0x00000000c1500000| Untracked 
|  22|0x00000000c1600000, 0x00000000c1600000, 0x00000000c1700000|  0%| F|  |TAMS 0x00000000c1600000, 0x00000000c1600000| Untracked 
|  23|0x00000000c1700000, 0x00000000c1700000, 0x00000000c1800000|  0%| F|  |TAMS 0x00000000c1700000, 0x00000000c1700000| Untracked 
|  24|0x00000000c1800000, 0x00000000c1800000, 0x00000000c1900000|  0%| F|  |TAMS 0x00000000c1800000, 0x00000000c1800000| Untracked 
|  25|0x00000000c1900000, 0x00000000c1900000, 0x00000000c1a00000|  0%| F|  |TAMS 0x00000000c1900000, 0x00000000c1900000| Untracked 
|  26|0x00000000c1a00000, 0x00000000c1a00000, 0x00000000c1b00000|  0%| F|  |TAMS 0x00000000c1a00000, 0x00000000c1a00000| Untracked 
|  27|0x00000000c1b00000, 0x00000000c1b00000, 0x00000000c1c00000|  0%| F|  |TAMS 0x00000000c1b00000, 0x00000000c1b00000| Untracked 
|  28|0x00000000c1c00000, 0x00000000c1c00000, 0x00000000c1d00000|  0%| F|  |TAMS 0x00000000c1c00000, 0x00000000c1c00000| Untracked 
|  29|0x00000000c1d00000, 0x00000000c1d00000, 0x00000000c1e00000|  0%| F|  |TAMS 0x00000000c1d00000, 0x00000000c1d00000| Untracked 
|  30|0x00000000c1e00000, 0x00000000c1e00000, 0x00000000c1f00000|  0%| F|  |TAMS 0x00000000c1e00000, 0x00000000c1e00000| Untracked 
|  31|0x00000000c1f00000, 0x00000000c1f00000, 0x00000000c2000000|  0%| F|  |TAMS 0x00000000c1f00000, 0x00000000c1f00000| Untracked 
|  32|0x00000000c2000000, 0x00000000c2000000, 0x00000000c2100000|  0%| F|  |TAMS 0x00000000c2000000, 0x00000000c2000000| Untracked 
|  33|0x00000000c2100000, 0x00000000c2100000, 0x00000000c2200000|  0%| F|  |TAMS 0x00000000c2100000, 0x00000000c2100000| Untracked 
|  34|0x00000000c2200000, 0x00000000c2200000, 0x00000000c2300000|  0%| F|  |TAMS 0x00000000c2200000, 0x00000000c2200000| Untracked 
|  35|0x00000000c2300000, 0x00000000c2300000, 0x00000000c2400000|  0%| F|  |TAMS 0x00000000c2300000, 0x00000000c2300000| Untracked 
|  36|0x00000000c2400000, 0x00000000c2400000, 0x00000000c2500000|  0%| F|  |TAMS 0x00000000c2400000, 0x00000000c2400000| Untracked 
|  37|0x00000000c2500000, 0x00000000c2500000, 0x00000000c2600000|  0%| F|  |TAMS 0x00000000c2500000, 0x00000000c2500000| Untracked 
|  38|0x00000000c2600000, 0x00000000c2600000, 0x00000000c2700000|  0%| F|  |TAMS 0x00000000c2600000, 0x00000000c2600000| Untracked 
|  39|0x00000000c2700000, 0x00000000c2700000, 0x00000000c2800000|  0%| F|  |TAMS 0x00000000c2700000, 0x00000000c2700000| Untracked 
|  40|0x00000000c2800000, 0x00000000c2800000, 0x00000000c2900000|  0%| F|  |TAMS 0x00000000c2800000, 0x00000000c2800000| Untracked 
|  41|0x00000000c2900000, 0x00000000c2900000, 0x00000000c2a00000|  0%| F|  |TAMS 0x00000000c2900000, 0x00000000c2900000| Untracked 
|  42|0x00000000c2a00000, 0x00000000c2a00000, 0x00000000c2b00000|  0%| F|  |TAMS 0x00000000c2a00000, 0x00000000c2a00000| Untracked 
|  43|0x00000000c2b00000, 0x00000000c2b00000, 0x00000000c2c00000|  0%| F|  |TAMS 0x00000000c2b00000, 0x00000000c2b00000| Untracked 
|  44|0x00000000c2c00000, 0x00000000c2c00000, 0x00000000c2d00000|  0%| F|  |TAMS 0x00000000c2c00000, 0x00000000c2c00000| Untracked 
|  45|0x00000000c2d00000, 0x00000000c2d00000, 0x00000000c2e00000|  0%| F|  |TAMS 0x00000000c2d00000, 0x00000000c2d00000| Untracked 
|  46|0x00000000c2e00000, 0x00000000c2e00000, 0x00000000c2f00000|  0%| F|  |TAMS 0x00000000c2e00000, 0x00000000c2e00000| Untracked 
|  47|0x00000000c2f00000, 0x00000000c2f00000, 0x00000000c3000000|  0%| F|  |TAMS 0x00000000c2f00000, 0x00000000c2f00000| Untracked 
|  48|0x00000000c3000000, 0x00000000c3000000, 0x00000000c3100000|  0%| F|  |TAMS 0x00000000c3000000, 0x00000000c3000000| Untracked 
|  49|0x00000000c3100000, 0x00000000c3100000, 0x00000000c3200000|  0%| F|  |TAMS 0x00000000c3100000, 0x00000000c3100000| Untracked 
|  50|0x00000000c3200000, 0x00000000c3200000, 0x00000000c3300000|  0%| F|  |TAMS 0x00000000c3200000, 0x00000000c3200000| Untracked 
|  51|0x00000000c3300000, 0x00000000c3300000, 0x00000000c3400000|  0%| F|  |TAMS 0x00000000c3300000, 0x00000000c3300000| Untracked 
|  52|0x00000000c3400000, 0x00000000c3400000, 0x00000000c3500000|  0%| F|  |TAMS 0x00000000c3400000, 0x00000000c3400000| Untracked 
|  95|0x00000000c5f00000, 0x00000000c5f3f1a8, 0x00000000c6000000| 24%| E|  |TAMS 0x00000000c5f00000, 0x00000000c5f00000| Complete 

Card table byte_map: [0x000001cad8950000,0x000001cad8b50000] _byte_map_base: 0x000001cad8350000

Marking Bits (Prev, Next): (CMBitMap*) 0x000001cad8d51f90, (CMBitMap*) 0x000001cad8d51fd0
 Prev Bits: [0x000001cadeb90000, 0x000001cadfb90000)
 Next Bits: [0x000001cadfb90000, 0x000001cae0b90000)

Polling page: 0x000001cad6b00000

Metaspace:

Usage:
  Non-class:     31.55 MB used.
      Class:      4.70 MB used.
       Both:     36.24 MB used.

Virtual space:
  Non-class space:       64.00 MB reserved,      31.81 MB ( 50%) committed,  1 nodes.
      Class space:        1.00 GB reserved,       4.88 MB ( <1%) committed,  1 nodes.
             Both:        1.06 GB reserved,      36.69 MB (  3%) committed. 

Chunk freelists:
   Non-Class:  15.56 MB
       Class:  11.07 MB
        Both:  26.64 MB

MaxMetaspaceSize: unlimited
CompressedClassSpaceSize: 1.00 GB
Initial GC threshold: 21.00 MB
Current GC threshold: 61.19 MB
CDS: off
MetaspaceReclaimPolicy: balanced
 - commit_granule_bytes: 65536.
 - commit_granule_words: 8192.
 - virtual_space_node_default_size: 8388608.
 - enlarge_chunks_in_place: 1.
 - new_chunks_are_fully_committed: 0.
 - uncommit_free_chunks: 1.
 - use_allocation_guard: 0.
 - handle_deallocations: 1.


Internal statistics:

num_allocs_failed_limit: 8.
num_arena_births: 464.
num_arena_deaths: 132.
num_vsnodes_births: 2.
num_vsnodes_deaths: 0.
num_space_committed: 587.
num_space_uncommitted: 0.
num_chunks_returned_to_freelist: 156.
num_chunks_taken_from_freelist: 1560.
num_chunk_merges: 53.
num_chunk_splits: 1076.
num_chunks_enlarged: 806.
num_inconsistent_stats: 0.

CodeCache: size=49152Kb used=6532Kb max_used=6532Kb free=42619Kb
 bounds [0x000001cadb990000, 0x000001cadc000000, 0x000001cade990000]
 total_blobs=4027 nmethods=3493 adapters=461
 compilation: enabled
              stopped_count=0, restarted_count=0
 full_count=0

Compilation events (20 events):
Event: 1463.077 Thread 0x000001cae2e71a80 3487       1       java.lang.ProcessImpl::exitValue (28 bytes)
Event: 1463.097 Thread 0x000001cae2e71a80 nmethod 3487 0x000001cadbfee010 code [0x000001cadbfee1c0, 0x000001cadbfee318]
Event: 1463.097 Thread 0x000001cae2e71a80 3490   !   1       com.google.common.io.Closeables::closeQuietly (19 bytes)
Event: 1463.102 Thread 0x000001cae2e71a80 nmethod 3490 0x000001cadbfee410 code [0x000001cadbfee5c0, 0x000001cadbfee738]
Event: 1463.102 Thread 0x000001cae2e71a80 3488       1       java.lang.ProcessImpl::getInputStream (5 bytes)
Event: 1463.102 Thread 0x000001cae2e71a80 nmethod 3488 0x000001cadbfee810 code [0x000001cadbfee9a0, 0x000001cadbfeea78]
Event: 1463.102 Thread 0x000001cae2e71a80 3489       1       java.lang.ProcessImpl::getErrorStream (5 bytes)
Event: 1463.103 Thread 0x000001cae2e71a80 nmethod 3489 0x000001cadbfeeb10 code [0x000001cadbfeeca0, 0x000001cadbfeed78]
Event: 1463.103 Thread 0x000001cae2e71a80 3491       1       java.lang.ProcessImpl::getOutputStream (5 bytes)
Event: 1463.104 Thread 0x000001cae2e71a80 nmethod 3491 0x000001cadbfeee10 code [0x000001cadbfeefa0, 0x000001cadbfef078]
Event: 1935.978 Thread 0x000001cae2e71a80 3492       1       java.util.concurrent.ConcurrentLinkedDeque::toArray (6 bytes)
Event: 1935.995 Thread 0x000001cae2e71a80 nmethod 3492 0x000001cadbfef110 code [0x000001cadbfef2a0, 0x000001cadbfef388]
Event: 1935.995 Thread 0x000001cae2e71a80 3493       1       java.util.concurrent.ConcurrentLinkedDeque::toArrayInternal (141 bytes)
Event: 1936.003 Thread 0x000001cae2e71a80 nmethod 3493 0x000001cadbfef410 code [0x000001cadbfef600, 0x000001cadbfefcd8]
Event: 2121.922 Thread 0x000001cae2e71a80 3494       1       java.io.BufferedOutputStream::flushBuffer (29 bytes)
Event: 2121.965 Thread 0x000001cae2e71a80 nmethod 3494 0x000001cadbfeff90 code [0x000001cadbff0120, 0x000001cadbff0228]
Event: 2162.950 Thread 0x000001cae2e71a80 3495       1       java.util.StringTokenizer::setMaxDelimCodePoint (156 bytes)
Event: 2162.975 Thread 0x000001cae2e71a80 nmethod 3495 0x000001cadbff0290 code [0x000001cadbff0480, 0x000001cadbff09d8]
Event: 2163.865 Thread 0x000001cae2e71a80 3496       1       java.lang.invoke.LambdaForm$MH/0x00000001000c8000::invoke (25 bytes)
Event: 2163.866 Thread 0x000001cae2e71a80 nmethod 3496 0x000001cadbff0d10 code [0x000001cadbff0ec0, 0x000001cadbff1018]

GC Heap History (20 events):
Event: 2053.910 GC heap before
{Heap before GC invocations=193 (full 182):
 garbage-first heap   total 55296K, used 18049K [0x00000000c0000000, 0x0000000100000000)
  region size 1024K, 1 young (1024K), 0 survivors (0K)
 Metaspace       used 37089K, committed 37568K, reserved 1114112K
  class space    used 4804K, committed 4992K, reserved 1048576K
}
Event: 2053.929 GC heap after
{Heap after GC invocations=194 (full 183):
 garbage-first heap   total 55296K, used 18049K [0x00000000c0000000, 0x0000000100000000)
  region size 1024K, 0 young (0K), 0 survivors (0K)
 Metaspace       used 37089K, committed 37568K, reserved 1114112K
  class space    used 4804K, committed 4992K, reserved 1048576K
}
Event: 2064.099 GC heap before
{Heap before GC invocations=194 (full 183):
 garbage-first heap   total 55296K, used 18049K [0x00000000c0000000, 0x0000000100000000)
  region size 1024K, 1 young (1024K), 0 survivors (0K)
 Metaspace       used 37089K, committed 37568K, reserved 1114112K
  class space    used 4804K, committed 4992K, reserved 1048576K
}
Event: 2064.117 GC heap after
{Heap after GC invocations=195 (full 184):
 garbage-first heap   total 55296K, used 18049K [0x00000000c0000000, 0x0000000100000000)
  region size 1024K, 0 young (0K), 0 survivors (0K)
 Metaspace       used 37089K, committed 37568K, reserved 1114112K
  class space    used 4804K, committed 4992K, reserved 1048576K
}
Event: 2074.276 GC heap before
{Heap before GC invocations=195 (full 184):
 garbage-first heap   total 55296K, used 18049K [0x00000000c0000000, 0x0000000100000000)
  region size 1024K, 1 young (1024K), 0 survivors (0K)
 Metaspace       used 37089K, committed 37568K, reserved 1114112K
  class space    used 4804K, committed 4992K, reserved 1048576K
}
Event: 2074.294 GC heap after
{Heap after GC invocations=196 (full 185):
 garbage-first heap   total 55296K, used 18049K [0x00000000c0000000, 0x0000000100000000)
  region size 1024K, 0 young (0K), 0 survivors (0K)
 Metaspace       used 37089K, committed 37568K, reserved 1114112K
  class space    used 4804K, committed 4992K, reserved 1048576K
}
Event: 2084.685 GC heap before
{Heap before GC invocations=196 (full 185):
 garbage-first heap   total 55296K, used 18049K [0x00000000c0000000, 0x0000000100000000)
  region size 1024K, 1 young (1024K), 0 survivors (0K)
 Metaspace       used 37089K, committed 37568K, reserved 1114112K
  class space    used 4804K, committed 4992K, reserved 1048576K
}
Event: 2084.703 GC heap after
{Heap after GC invocations=197 (full 186):
 garbage-first heap   total 55296K, used 18049K [0x00000000c0000000, 0x0000000100000000)
  region size 1024K, 0 young (0K), 0 survivors (0K)
 Metaspace       used 37089K, committed 37568K, reserved 1114112K
  class space    used 4804K, committed 4992K, reserved 1048576K
}
Event: 2100.988 GC heap before
{Heap before GC invocations=197 (full 186):
 garbage-first heap   total 55296K, used 18049K [0x00000000c0000000, 0x0000000100000000)
  region size 1024K, 1 young (1024K), 0 survivors (0K)
 Metaspace       used 37089K, committed 37568K, reserved 1114112K
  class space    used 4804K, committed 4992K, reserved 1048576K
}
Event: 2101.009 GC heap after
{Heap after GC invocations=198 (full 187):
 garbage-first heap   total 55296K, used 18049K [0x00000000c0000000, 0x0000000100000000)
  region size 1024K, 0 young (0K), 0 survivors (0K)
 Metaspace       used 37089K, committed 37568K, reserved 1114112K
  class space    used 4804K, committed 4992K, reserved 1048576K
}
Event: 2111.561 GC heap before
{Heap before GC invocations=198 (full 187):
 garbage-first heap   total 55296K, used 18049K [0x00000000c0000000, 0x0000000100000000)
  region size 1024K, 1 young (1024K), 0 survivors (0K)
 Metaspace       used 37089K, committed 37568K, reserved 1114112K
  class space    used 4804K, committed 4992K, reserved 1048576K
}
Event: 2111.581 GC heap after
{Heap after GC invocations=199 (full 188):
 garbage-first heap   total 55296K, used 18049K [0x00000000c0000000, 0x0000000100000000)
  region size 1024K, 0 young (0K), 0 survivors (0K)
 Metaspace       used 37089K, committed 37568K, reserved 1114112K
  class space    used 4804K, committed 4992K, reserved 1048576K
}
Event: 2121.930 GC heap before
{Heap before GC invocations=199 (full 188):
 garbage-first heap   total 55296K, used 18049K [0x00000000c0000000, 0x0000000100000000)
  region size 1024K, 1 young (1024K), 0 survivors (0K)
 Metaspace       used 37089K, committed 37568K, reserved 1114112K
  class space    used 4804K, committed 4992K, reserved 1048576K
}
Event: 2121.948 GC heap after
{Heap after GC invocations=200 (full 189):
 garbage-first heap   total 55296K, used 18049K [0x00000000c0000000, 0x0000000100000000)
  region size 1024K, 0 young (0K), 0 survivors (0K)
 Metaspace       used 37089K, committed 37568K, reserved 1114112K
  class space    used 4804K, committed 4992K, reserved 1048576K
}
Event: 2132.190 GC heap before
{Heap before GC invocations=200 (full 189):
 garbage-first heap   total 55296K, used 18049K [0x00000000c0000000, 0x0000000100000000)
  region size 1024K, 1 young (1024K), 0 survivors (0K)
 Metaspace       used 37089K, committed 37568K, reserved 1114112K
  class space    used 4804K, committed 4992K, reserved 1048576K
}
Event: 2132.208 GC heap after
{Heap after GC invocations=201 (full 190):
 garbage-first heap   total 55296K, used 18049K [0x00000000c0000000, 0x0000000100000000)
  region size 1024K, 0 young (0K), 0 survivors (0K)
 Metaspace       used 37089K, committed 37568K, reserved 1114112K
  class space    used 4804K, committed 4992K, reserved 1048576K
}
Event: 2142.549 GC heap before
{Heap before GC invocations=201 (full 190):
 garbage-first heap   total 55296K, used 18049K [0x00000000c0000000, 0x0000000100000000)
  region size 1024K, 1 young (1024K), 0 survivors (0K)
 Metaspace       used 37089K, committed 37568K, reserved 1114112K
  class space    used 4804K, committed 4992K, reserved 1048576K
}
Event: 2142.568 GC heap after
{Heap after GC invocations=202 (full 191):
 garbage-first heap   total 55296K, used 18049K [0x00000000c0000000, 0x0000000100000000)
  region size 1024K, 0 young (0K), 0 survivors (0K)
 Metaspace       used 37089K, committed 37568K, reserved 1114112K
  class space    used 4804K, committed 4992K, reserved 1048576K
}
Event: 2152.917 GC heap before
{Heap before GC invocations=202 (full 191):
 garbage-first heap   total 55296K, used 18049K [0x00000000c0000000, 0x0000000100000000)
  region size 1024K, 1 young (1024K), 0 survivors (0K)
 Metaspace       used 37089K, committed 37568K, reserved 1114112K
  class space    used 4804K, committed 4992K, reserved 1048576K
}
Event: 2152.936 GC heap after
{Heap after GC invocations=203 (full 192):
 garbage-first heap   total 55296K, used 18049K [0x00000000c0000000, 0x0000000100000000)
  region size 1024K, 0 young (0K), 0 survivors (0K)
 Metaspace       used 37089K, committed 37568K, reserved 1114112K
  class space    used 4804K, committed 4992K, reserved 1048576K
}

Dll operation events (7 events):
Event: 0.203 Loaded shared library c:\Users\HP\.vscode\extensions\redhat.java-1.19.0-win32-x64\jre\17.0.7-win32-x86_64\bin\java.dll
Event: 1.704 Loaded shared library C:\Users\HP\.vscode\extensions\redhat.java-1.19.0-win32-x64\jre\17.0.7-win32-x86_64\bin\net.dll
Event: 1.708 Loaded shared library C:\Users\HP\.vscode\extensions\redhat.java-1.19.0-win32-x64\jre\17.0.7-win32-x86_64\bin\nio.dll
Event: 1.727 Loaded shared library C:\Users\HP\.vscode\extensions\redhat.java-1.19.0-win32-x64\jre\17.0.7-win32-x86_64\bin\zip.dll
Event: 3.072 Loaded shared library C:\Users\HP\.vscode\extensions\redhat.java-1.19.0-win32-x64\jre\17.0.7-win32-x86_64\bin\jimage.dll
Event: 16.095 Loaded shared library C:\Users\HP\.vscode\extensions\redhat.java-1.19.0-win32-x64\jre\17.0.7-win32-x86_64\bin\management.dll
Event: 16.101 Loaded shared library C:\Users\HP\.vscode\extensions\redhat.java-1.19.0-win32-x64\jre\17.0.7-win32-x86_64\bin\management_ext.dll

Deoptimization events (6 events):
Event: 9.677 Thread 0x000001cad8d14ab0 DEOPT PACKING pc=0x000001cadbe7b419 sp=0x00000026a37fd7c0
Event: 9.677 Thread 0x000001cad8d14ab0 DEOPT UNPACKING pc=0x000001cadb9e7143 sp=0x00000026a37fcca0 mode 3
Event: 18.111 Thread 0x000001cae877f840 DEOPT PACKING pc=0x000001cadbfc5735 sp=0x00000026a4ffdc70
Event: 18.111 Thread 0x000001cae877f840 DEOPT UNPACKING pc=0x000001cadb9e7143 sp=0x00000026a4ffd198 mode 3
Event: 914.103 Thread 0x000001cae8332320 DEOPT PACKING pc=0x000001cadbef2ad4 sp=0x00000026a4efeef0
Event: 914.103 Thread 0x000001cae8332320 DEOPT UNPACKING pc=0x000001cadb9e7143 sp=0x00000026a4efe398 mode 0

Classes unloaded (20 events):
Event: 87.534 Thread 0x000001cae2e275b0 Unloading class 0x000000010021dc00 'java/lang/invoke/LambdaForm$MH+0x000000010021dc00'
Event: 87.534 Thread 0x000001cae2e275b0 Unloading class 0x0000000100211000 'java/lang/invoke/LambdaForm$DMH+0x0000000100211000'
Event: 87.534 Thread 0x000001cae2e275b0 Unloading class 0x00000001000d1c00 'java/lang/invoke/LambdaForm$MH+0x00000001000d1c00'
Event: 87.534 Thread 0x000001cae2e275b0 Unloading class 0x00000001000d1800 'java/lang/invoke/LambdaForm$MH+0x00000001000d1800'
Event: 87.534 Thread 0x000001cae2e275b0 Unloading class 0x00000001000d1400 'java/lang/invoke/LambdaForm$MH+0x00000001000d1400'
Event: 87.534 Thread 0x000001cae2e275b0 Unloading class 0x00000001000d1000 'java/lang/invoke/LambdaForm$MH+0x00000001000d1000'
Event: 87.534 Thread 0x000001cae2e275b0 Unloading class 0x00000001000d0c00 'java/lang/invoke/LambdaForm$MH+0x00000001000d0c00'
Event: 87.534 Thread 0x000001cae2e275b0 Unloading class 0x00000001000d0800 'java/lang/invoke/LambdaForm$MH+0x00000001000d0800'
Event: 87.534 Thread 0x000001cae2e275b0 Unloading class 0x00000001000d0400 'java/lang/invoke/LambdaForm$MH+0x00000001000d0400'
Event: 87.534 Thread 0x000001cae2e275b0 Unloading class 0x00000001000d0000 'java/lang/invoke/LambdaForm$MH+0x00000001000d0000'
Event: 87.534 Thread 0x000001cae2e275b0 Unloading class 0x00000001000cb800 'java/lang/invoke/LambdaForm$MH+0x00000001000cb800'
Event: 87.534 Thread 0x000001cae2e275b0 Unloading class 0x00000001000cb400 'java/lang/invoke/LambdaForm$MH+0x00000001000cb400'
Event: 87.534 Thread 0x000001cae2e275b0 Unloading class 0x00000001000cb000 'java/lang/invoke/LambdaForm$MH+0x00000001000cb000'
Event: 87.534 Thread 0x000001cae2e275b0 Unloading class 0x00000001000cac00 'java/lang/invoke/LambdaForm$MH+0x00000001000cac00'
Event: 87.534 Thread 0x000001cae2e275b0 Unloading class 0x00000001000ca800 'java/lang/invoke/LambdaForm$MH+0x00000001000ca800'
Event: 87.534 Thread 0x000001cae2e275b0 Unloading class 0x00000001000ca400 'java/lang/invoke/LambdaForm$MH+0x00000001000ca400'
Event: 87.534 Thread 0x000001cae2e275b0 Unloading class 0x00000001000c9c00 'java/lang/invoke/LambdaForm$MH+0x00000001000c9c00'
Event: 87.534 Thread 0x000001cae2e275b0 Unloading class 0x00000001000c9400 'java/lang/invoke/LambdaForm$MH+0x00000001000c9400'
Event: 87.534 Thread 0x000001cae2e275b0 Unloading class 0x00000001000c8c00 'java/lang/invoke/LambdaForm$MH+0x00000001000c8c00'
Event: 87.534 Thread 0x000001cae2e275b0 Unloading class 0x00000001000c8400 'java/lang/invoke/LambdaForm$MH+0x00000001000c8400'

Classes redefined (0 events):
No events

Internal exceptions (20 events):
Event: 10.457 Thread 0x000001cad8d14ab0 Exception <a 'java/lang/NoSuchMethodError'{0x00000000c262d078}: 'java.lang.Object java.lang.invoke.Invokers$Holder.invoke_MT(java.lang.Object, java.lang.Object, java.lang.Object, java.lang.Object, java.lang.Object, java.lang.Object, java.lang.Object, java.lang.Object, java.lang.Object, java.lang.Object)'> (0x00000000c262d078) 
thrown [s\src\hotspot\share\interpreter\linkResolver.cpp, line 759]
Event: 10.465 Thread 0x000001cad8d14ab0 Exception <a 'java/lang/NoSuchMethodError'{0x00000000c2672418}: 'java.lang.Object java.lang.invoke.DirectMethodHandle$Holder.invokeSpecial(java.lang.Object, java.lang.Object, int, java.lang.Object, java.lang.Object)'> (0x00000000c2672418) 
thrown [s\src\hotspot\share\interpreter\linkResolver.cpp, line 759]
Event: 10.465 Thread 0x000001cad8d14ab0 Exception <a 'java/lang/NoSuchMethodError'{0x00000000c26760c0}: 'java.lang.Object java.lang.invoke.DelegatingMethodHandle$Holder.delegate(java.lang.Object, int, java.lang.Object, java.lang.Object)'> (0x00000000c26760c0) 
thrown [s\src\hotspot\share\interpreter\linkResolver.cpp, line 759]
Event: 10.466 Thread 0x000001cad8d14ab0 Exception <a 'java/lang/NoSuchMethodError'{0x00000000c2686f48}: 'int java.lang.invoke.Invokers$Holder.linkToTargetMethod(java.lang.Object, java.lang.Object, java.lang.Object)'> (0x00000000c2686f48) 
thrown [s\src\hotspot\share\interpreter\linkResolver.cpp, line 759]
Event: 10.549 Thread 0x000001cad8d14ab0 Exception <a 'java/lang/NoSuchMethodError'{0x00000000c24f0ee8}: 'void java.lang.invoke.DirectMethodHandle$Holder.invokeSpecial(java.lang.Object, java.lang.Object, java.lang.Object, java.lang.Object, java.lang.Object, java.lang.Object)'> (0x00000000c24f0ee8) 
thrown [s\src\hotspot\share\interpreter\linkResolver.cpp, line 759]
Event: 10.678 Thread 0x000001cad8d14ab0 Exception <a 'java/lang/NoSuchMethodError'{0x00000000c2294280}: 'java.lang.Object java.lang.invoke.DirectMethodHandle$Holder.invokeStaticInit(java.lang.Object, int, int, int, int)'> (0x00000000c2294280) 
thrown [s\src\hotspot\share\interpreter\linkResolver.cpp, line 759]
Event: 11.033 Thread 0x000001cad8d14ab0 Exception <a 'java/lang/NoSuchMethodError'{0x00000000c22ecae8}: 'java.lang.Object java.lang.invoke.DirectMethodHandle$Holder.invokeStaticInit(java.lang.Object, java.lang.Object, int, int, int, int)'> (0x00000000c22ecae8) 
thrown [s\src\hotspot\share\interpreter\linkResolver.cpp, line 759]
Event: 12.109 Thread 0x000001cad8d14ab0 Exception <a 'java/lang/NoSuchMethodError'{0x00000000c2e6f780}: 'void java.lang.invoke.DirectMethodHandle$Holder.invokeSpecialIFC(java.lang.Object, java.lang.Object, java.lang.Object)'> (0x00000000c2e6f780) 
thrown [s\src\hotspot\share\interpreter\linkResolver.cpp, line 759]
Event: 15.417 Thread 0x000001cad8d14ab0 Exception <a 'java/lang/NoSuchMethodError'{0x00000000c311ceb8}: 'void java.lang.invoke.DirectMethodHandle$Holder.invokeSpecial(java.lang.Object, java.lang.Object, java.lang.Object, java.lang.Object, java.lang.Object, java.lang.Object, java.lang.Object)'> (0x00000000c311ceb8) 
thrown [s\src\hotspot\share\interpreter\linkResolver.cpp, line 759]
Event: 15.707 Thread 0x000001cad8d14ab0 Exception <a 'java/lang/NoSuchMethodError'{0x00000000c2fe47b8}: 'java.lang.Object java.lang.invoke.DirectMethodHandle$Holder.invokeInterface(java.lang.Object, java.lang.Object, int)'> (0x00000000c2fe47b8) 
thrown [s\src\hotspot\share\interpreter\linkResolver.cpp, line 759]
Event: 15.709 Thread 0x000001cad8d14ab0 Exception <a 'java/lang/IncompatibleClassChangeError'{0x00000000c2ff74d8}: Found class java.lang.Object, but interface was expected> (0x00000000c2ff74d8) 
thrown [s\src\hotspot\share\interpreter\linkResolver.cpp, line 826]
Event: 16.054 Thread 0x000001cad8d14ab0 Exception <a 'java/lang/NoSuchMethodError'{0x00000000c2bc9da0}: 'java.lang.Object java.lang.invoke.DirectMethodHandle$Holder.newInvokeSpecial(java.lang.Object, java.lang.Object, int, java.lang.Object, java.lang.Object)'> (0x00000000c2bc9da0) 
thrown [s\src\hotspot\share\interpreter\linkResolver.cpp, line 759]
Event: 16.060 Thread 0x000001cad8d14ab0 Exception <a 'java/lang/NoSuchMethodError'{0x00000000c2bdbdc0}: 'java.lang.Object java.lang.invoke.DirectMethodHandle$Holder.invokeSpecial(java.lang.Object, java.lang.Object, int, java.lang.Object, int, java.lang.Object)'> (0x00000000c2bdbdc0) 
thrown [s\src\hotspot\share\interpreter\linkResolver.cpp, line 759]
Event: 16.067 Thread 0x000001cad8d14ab0 Exception <a 'java/lang/NoSuchMethodError'{0x00000000c2be3bc8}: 'java.lang.Object java.lang.invoke.DirectMethodHandle$Holder.newInvokeSpecial(java.lang.Object, java.lang.Object, int, java.lang.Object, int)'> (0x00000000c2be3bc8) 
thrown [s\src\hotspot\share\interpreter\linkResolver.cpp, line 759]
Event: 16.074 Thread 0x000001cad8d14ab0 Exception <a 'java/lang/NoSuchMethodError'{0x00000000c2be7cc8}: 'java.lang.Object java.lang.invoke.DirectMethodHandle$Holder.invokeSpecial(java.lang.Object, java.lang.Object, java.lang.Object, int, java.lang.Object, int)'> (0x00000000c2be7cc8) 
thrown [s\src\hotspot\share\interpreter\linkResolver.cpp, line 759]
Event: 17.364 Thread 0x000001cae8332320 Exception <a 'java/lang/NoSuchMethodError'{0x00000000c2ecf518}: 'java.lang.Object java.lang.invoke.DirectMethodHandle$Holder.invokeStatic(java.lang.Object, java.lang.Object, java.lang.Object, int, java.lang.Object, java.lang.Object)'> (0x00000000c2ecf518) 
thrown [s\src\hotspot\share\interpreter\linkResolver.cpp, line 759]
Event: 18.109 Thread 0x000001cae877f840 Exception <a 'java/lang/NoSuchMethodError'{0x00000000c2c1dbc8}: 'java.lang.Object java.lang.invoke.DirectMethodHandle$Holder.invokeStatic(java.lang.Object, int, java.lang.Object)'> (0x00000000c2c1dbc8) 
thrown [s\src\hotspot\share\interpreter\linkResolver.cpp, line 759]
Event: 76.702 Thread 0x000001cae8392450 Exception <a 'java/lang/NoSuchMethodError'{0x00000000c2c76598}: 'void java.lang.invoke.DirectMethodHandle$Holder.invokeStatic(java.lang.Object, long)'> (0x00000000c2c76598) 
thrown [s\src\hotspot\share\interpreter\linkResolver.cpp, line 759]
Event: 76.710 Thread 0x000001cae8392450 Exception <a 'java/lang/NoSuchMethodError'{0x00000000c2c7b940}: 'java.lang.Object java.lang.invoke.DirectMethodHandle$Holder.newInvokeSpecial(java.lang.Object, long)'> (0x00000000c2c7b940) 
thrown [s\src\hotspot\share\interpreter\linkResolver.cpp, line 759]
Event: 2162.989 Thread 0x000001cae8392450 Exception <a 'java/io/IOException'{0x00000000c5f00628}: CreateProcess error=1455, The paging file is too small for this operation to complete> (0x00000000c5f00628) 
thrown [s\src\hotspot\share\prims\jni.cpp, line 535]

VM Operations (20 events):
Event: 2064.117 Executing VM operation: G1CollectFull done
Event: 2074.276 Executing VM operation: G1CollectFull
Event: 2074.294 Executing VM operation: G1CollectFull done
Event: 2084.685 Executing VM operation: G1CollectFull
Event: 2084.703 Executing VM operation: G1CollectFull done
Event: 2100.988 Executing VM operation: G1CollectFull
Event: 2101.009 Executing VM operation: G1CollectFull done
Event: 2111.561 Executing VM operation: G1CollectFull
Event: 2111.581 Executing VM operation: G1CollectFull done
Event: 2121.921 Executing VM operation: G1CollectFull
Event: 2121.948 Executing VM operation: G1CollectFull done
Event: 2132.190 Executing VM operation: G1CollectFull
Event: 2132.208 Executing VM operation: G1CollectFull done
Event: 2142.549 Executing VM operation: G1CollectFull
Event: 2142.568 Executing VM operation: G1CollectFull done
Event: 2152.917 Executing VM operation: G1CollectFull
Event: 2152.936 Executing VM operation: G1CollectFull done
Event: 2163.019 Executing VM operation: Cleanup
Event: 2163.037 Executing VM operation: Cleanup done
Event: 2180.471 Executing VM operation: G1CollectFull

Events (20 events):
Event: 31.776 loading class java/util/concurrent/CompletableFuture$UniRelay
Event: 31.777 loading class java/util/concurrent/CompletableFuture$UniRelay done
Event: 31.777 Thread 0x000001cae836eae0 Thread exited: 0x000001cae836eae0
Event: 76.646 loading class java/lang/ProcessBuilder
Event: 76.658 loading class java/lang/ProcessBuilder done
Event: 76.659 loading class java/lang/ProcessImpl
Event: 76.665 loading class java/lang/ProcessImpl done
Event: 76.711 loading class java/lang/ProcessImpl$2
Event: 76.712 loading class java/lang/ProcessImpl$2 done
Event: 76.715 loading class java/lang/Process$PipeInputStream
Event: 76.715 loading class java/lang/Process$PipeInputStream done
Event: 76.736 loading class jdk/internal/event/ProcessStartEvent
Event: 76.739 loading class jdk/internal/event/ProcessStartEvent done
Event: 77.204 loading class java/io/FileOutputStream$1
Event: 77.205 loading class java/io/FileOutputStream$1 done
Event: 99.577 Thread 0x000001cae836f950 Thread exited: 0x000001cae836f950
Event: 914.223 Thread 0x000001cae836c930 Thread added: 0x000001cae836c930
Event: 914.354 loading class java/util/concurrent/CompletionException
Event: 914.368 loading class java/util/concurrent/CompletionException done
Event: 974.367 Thread 0x000001cae836c930 Thread exited: 0x000001cae836c930


Dynamic libraries:
0x00007ff6e3450000 - 0x00007ff6e345e000 	c:\Users\HP\.vscode\extensions\redhat.java-1.19.0-win32-x64\jre\17.0.7-win32-x86_64\bin\java.exe
0x00007ffdc91d0000 - 0x00007ffdc93e4000 	C:\WINDOWS\SYSTEM32\ntdll.dll
0x00007ffdc84e0000 - 0x00007ffdc85a2000 	C:\WINDOWS\System32\KERNEL32.DLL
0x00007ffdc67b0000 - 0x00007ffdc6b53000 	C:\WINDOWS\System32\KERNELBASE.dll
0x00007ffdc6d80000 - 0x00007ffdc6e91000 	C:\WINDOWS\System32\ucrtbase.dll
0x00007ffd7b520000 - 0x00007ffd7b537000 	c:\Users\HP\.vscode\extensions\redhat.java-1.19.0-win32-x64\jre\17.0.7-win32-x86_64\bin\jli.dll
0x00007ffdc6fb0000 - 0x00007ffdc715b000 	C:\WINDOWS\System32\USER32.dll
0x00007ffdc6b60000 - 0x00007ffdc6b86000 	C:\WINDOWS\System32\win32u.dll
0x00007ffdc7490000 - 0x00007ffdc74b9000 	C:\WINDOWS\System32\GDI32.dll
0x00007ffdc65d0000 - 0x00007ffdc66e9000 	C:\WINDOWS\System32\gdi32full.dll
0x00007ffdc6ea0000 - 0x00007ffdc6f3a000 	C:\WINDOWS\System32\msvcp_win.dll
0x00007ffd7d680000 - 0x00007ffd7d699000 	c:\Users\HP\.vscode\extensions\redhat.java-1.19.0-win32-x64\jre\17.0.7-win32-x86_64\bin\VCRUNTIME140.dll
0x00007ffdb4df0000 - 0x00007ffdb507e000 	C:\WINDOWS\WinSxS\amd64_microsoft.windows.common-controls_6595b64144ccf1df_6.0.22621.1635_none_270f70857386168e\COMCTL32.dll
0x00007ffdc7a50000 - 0x00007ffdc7af7000 	C:\WINDOWS\System32\msvcrt.dll
0x00007ffdc77e0000 - 0x00007ffdc7811000 	C:\WINDOWS\System32\IMM32.DLL
0x00007ffd9d2d0000 - 0x00007ffd9d2dc000 	c:\Users\HP\.vscode\extensions\redhat.java-1.19.0-win32-x64\jre\17.0.7-win32-x86_64\bin\vcruntime140_1.dll
0x00007ffd50c50000 - 0x00007ffd50ce1000 	c:\Users\HP\.vscode\extensions\redhat.java-1.19.0-win32-x64\jre\17.0.7-win32-x86_64\bin\msvcp140.dll
0x00007ffd35c10000 - 0x00007ffd36858000 	c:\Users\HP\.vscode\extensions\redhat.java-1.19.0-win32-x64\jre\17.0.7-win32-x86_64\bin\server\jvm.dll
0x00007ffdc8430000 - 0x00007ffdc84de000 	C:\WINDOWS\System32\ADVAPI32.dll
0x00007ffdc7220000 - 0x00007ffdc72c4000 	C:\WINDOWS\System32\sechost.dll
0x00007ffdc7630000 - 0x00007ffdc7747000 	C:\WINDOWS\System32\RPCRT4.dll
0x00007ffd88950000 - 0x00007ffd88959000 	C:\WINDOWS\SYSTEM32\WSOCK32.dll
0x00007ffdc75b0000 - 0x00007ffdc7621000 	C:\WINDOWS\System32\WS2_32.dll
0x00007ffdbe450000 - 0x00007ffdbe484000 	C:\WINDOWS\SYSTEM32\WINMM.dll
0x00007ffdbf2d0000 - 0x00007ffdbf2da000 	C:\WINDOWS\SYSTEM32\VERSION.dll
0x00007ffdc5620000 - 0x00007ffdc5638000 	C:\WINDOWS\SYSTEM32\kernel.appcore.dll
0x00007ffd87220000 - 0x00007ffd8722a000 	c:\Users\HP\.vscode\extensions\redhat.java-1.19.0-win32-x64\jre\17.0.7-win32-x86_64\bin\jimage.dll
0x00007ffdaf890000 - 0x00007ffdafabe000 	C:\WINDOWS\SYSTEM32\DBGHELP.DLL
0x00007ffdc86c0000 - 0x00007ffdc8a49000 	C:\WINDOWS\System32\combase.dll
0x00007ffdc74d0000 - 0x00007ffdc75a7000 	C:\WINDOWS\System32\OLEAUT32.dll
0x00007ffda98b0000 - 0x00007ffda98e2000 	C:\WINDOWS\SYSTEM32\dbgcore.DLL
0x00007ffdc6b90000 - 0x00007ffdc6c0b000 	C:\WINDOWS\System32\bcryptPrimitives.dll
0x00007ffd53d20000 - 0x00007ffd53d45000 	c:\Users\HP\.vscode\extensions\redhat.java-1.19.0-win32-x64\jre\17.0.7-win32-x86_64\bin\java.dll
0x00007ffd778d0000 - 0x00007ffd778e8000 	c:\Users\HP\.vscode\extensions\redhat.java-1.19.0-win32-x64\jre\17.0.7-win32-x86_64\bin\zip.dll
0x00007ffdc7b00000 - 0x00007ffdc82fa000 	C:\WINDOWS\System32\SHELL32.dll
0x00007ffdc45d0000 - 0x00007ffdc4e9e000 	C:\WINDOWS\SYSTEM32\windows.storage.dll
0x00007ffdc4490000 - 0x00007ffdc45ce000 	C:\WINDOWS\SYSTEM32\wintypes.dll
0x00007ffdc85c0000 - 0x00007ffdc86b1000 	C:\WINDOWS\System32\SHCORE.dll
0x00007ffdc71c0000 - 0x00007ffdc721e000 	C:\WINDOWS\System32\shlwapi.dll
0x00007ffdc6500000 - 0x00007ffdc6521000 	C:\WINDOWS\SYSTEM32\profapi.dll
0x00007ffd51e30000 - 0x00007ffd51e49000 	C:\Users\HP\.vscode\extensions\redhat.java-1.19.0-win32-x64\jre\17.0.7-win32-x86_64\bin\net.dll
0x00007ffdbb890000 - 0x00007ffdbb9c7000 	C:\WINDOWS\SYSTEM32\WINHTTP.dll
0x00007ffdc5a90000 - 0x00007ffdc5af9000 	C:\WINDOWS\system32\mswsock.dll
0x00007ffd51dc0000 - 0x00007ffd51dd5000 	C:\Users\HP\.vscode\extensions\redhat.java-1.19.0-win32-x64\jre\17.0.7-win32-x86_64\bin\nio.dll
0x00007ffdc5cf0000 - 0x00007ffdc5d0b000 	C:\WINDOWS\SYSTEM32\CRYPTSP.dll
0x00007ffdc5590000 - 0x00007ffdc55c5000 	C:\WINDOWS\system32\rsaenh.dll
0x00007ffdc5b90000 - 0x00007ffdc5bb8000 	C:\WINDOWS\SYSTEM32\USERENV.dll
0x00007ffdc5e90000 - 0x00007ffdc5eb8000 	C:\WINDOWS\SYSTEM32\bcrypt.dll
0x00007ffdc5d10000 - 0x00007ffdc5d1c000 	C:\WINDOWS\SYSTEM32\CRYPTBASE.dll
0x00007ffdc5140000 - 0x00007ffdc516d000 	C:\WINDOWS\SYSTEM32\IPHLPAPI.DLL
0x00007ffdc85b0000 - 0x00007ffdc85b9000 	C:\WINDOWS\System32\NSI.dll
0x00007ffdbbbd0000 - 0x00007ffdbbbe9000 	C:\WINDOWS\SYSTEM32\dhcpcsvc6.DLL
0x00007ffdbb730000 - 0x00007ffdbb74f000 	C:\WINDOWS\SYSTEM32\dhcpcsvc.DLL
0x00007ffdc51c0000 - 0x00007ffdc52b3000 	C:\WINDOWS\SYSTEM32\DNSAPI.dll
0x00007ffdc19a0000 - 0x00007ffdc19a9000 	C:\Users\HP\.vscode\extensions\redhat.java-1.19.0-win32-x64\jre\17.0.7-win32-x86_64\bin\management.dll
0x00007ffdb3120000 - 0x00007ffdb312b000 	C:\Users\HP\.vscode\extensions\redhat.java-1.19.0-win32-x64\jre\17.0.7-win32-x86_64\bin\management_ext.dll
0x00007ffdc8370000 - 0x00007ffdc8378000 	C:\WINDOWS\System32\PSAPI.DLL

dbghelp: loaded successfully - version: 4.0.5 - missing functions: none
symbol engine: initialized successfully - sym options: 0x614 - pdb path: .;c:\Users\HP\.vscode\extensions\redhat.java-1.19.0-win32-x64\jre\17.0.7-win32-x86_64\bin;C:\WINDOWS\SYSTEM32;C:\WINDOWS\WinSxS\amd64_microsoft.windows.common-controls_6595b64144ccf1df_6.0.22621.1635_none_270f70857386168e;c:\Users\HP\.vscode\extensions\redhat.java-1.19.0-win32-x64\jre\17.0.7-win32-x86_64\bin\server

VM Arguments:
jvm_args: -XX:+HeapDumpOnOutOfMemoryError -Xmx1024m -Dsts.lsp.client=vscode -Dsts.log.file=/dev/null -XX:TieredStopAtLevel=1 -Xlog:jni+resolve=off -Dspring.config.location=file:c:\Users\HP\.vscode\extensions\vmware.vscode-spring-boot-1.47.0\language-server\BOOT-INF\classes\application.properties 
java_command: org.springframework.ide.vscode.boot.app.BootLanguageServerBootApp
java_class_path (initial): c:\Users\HP\.vscode\extensions\vmware.vscode-spring-boot-1.47.0\language-server\BOOT-INF\classes;c:\Users\HP\.vscode\extensions\vmware.vscode-spring-boot-1.47.0\language-server\BOOT-INF\lib\annotations-24.0.1.jar;c:\Users\HP\.vscode\extensions\vmware.vscode-spring-boot-1.47.0\language-server\BOOT-INF\lib\antlr-runtime-3.5.3.jar;c:\Users\HP\.vscode\extensions\vmware.vscode-spring-boot-1.47.0\language-server\BOOT-INF\lib\antlr4-4.11.1.jar;c:\Users\HP\.vscode\extensions\vmware.vscode-spring-boot-1.47.0\language-server\BOOT-INF\lib\antlr4-runtime-4.11.1.jar;c:\Users\HP\.vscode\extensions\vmware.vscode-spring-boot-1.47.0\language-server\BOOT-INF\lib\aopalliance-1.0.jar;c:\Users\HP\.vscode\extensions\vmware.vscode-spring-boot-1.47.0\language-server\BOOT-INF\lib\asm-9.5.jar;c:\Users\HP\.vscode\extensions\vmware.vscode-spring-boot-1.47.0\language-server\BOOT-INF\lib\asm-analysis-9.5.jar;c:\Users\HP\.vscode\extensions\vmware.vscode-spring-boot-1.47.0\language-server\BOOT-INF\lib\asm-tree-9.5.jar;c:\Users\HP\.vscode\extensions\vmware.vscode-spring-boot-1.47.0\language-server\BOOT-INF\lib\asm-util-9.5.jar;c:\Users\HP\.vscode\extensions\vmware.vscode-spring-boot-1.47.0\language-server\BOOT-INF\lib\auto-common-1.2.1.jar;c:\Users\HP\.vscode\extensions\vmware.vscode-spring-boot-1.47.0\language-server\BOOT-INF\lib\auto-value-annotations-1.9.jar;c:\Users\HP\.vscode\extensions\vmware.vscode-spring-boot-1.47.0\language-server\BOOT-INF\lib\caffeine-3.1.2.jar;c:\Users\HP\.vscode\extensions\vmware.vscode-spring-boot-1.47.0\language-server\BOOT-INF\lib\checker-qual-3.12.0.jar;c:\Users\HP\.vscode\extensions\vmware.vscode-spring-boot-1.47.0\language-server\BOOT-INF\lib\classgraph-4.8.149.jar;c:\Users\HP\.vscode\extensions\vmware.vscode-spring-boot-1.47.0\language-server\BOOT-INF\lib\commons-codec-1.15.jar;c:\Users\HP\.vscode\extensions\vmware.vscode-spring-boot-1.47.0\language-server\BOOT-INF\lib\commons-compress-1.23.0.jar;c:\Users\HP\.vscode\extensions\vmware.
Launcher Type: SUN_STANDARD

[Global flags]
     intx CICompilerCount                          = 2                                         {product} {ergonomic}
     uint ConcGCThreads                            = 1                                         {product} {ergonomic}
     uint G1ConcRefinementThreads                  = 2                                         {product} {ergonomic}
   size_t G1HeapRegionSize                         = 1048576                                   {product} {ergonomic}
    uintx GCDrainStackTargetSize                   = 64                                        {product} {ergonomic}
     bool HeapDumpOnOutOfMemoryError               = true                                   {manageable} {command line}
   size_t InitialHeapSize                          = 100663296                                 {product} {ergonomic}
   size_t MarkStackSize                            = 4194304                                   {product} {ergonomic}
   size_t MaxHeapSize                              = 1073741824                                {product} {command line}
   size_t MaxNewSize                               = 643825664                                 {product} {ergonomic}
   size_t MinHeapDeltaBytes                        = 1048576                                   {product} {ergonomic}
   size_t MinHeapSize                              = 8388608                                   {product} {ergonomic}
    uintx NonProfiledCodeHeapSize                  = 0                                      {pd product} {ergonomic}
     bool ProfileInterpreter                       = false                                  {pd product} {command line}
    uintx ProfiledCodeHeapSize                     = 0                                      {pd product} {ergonomic}
   size_t SoftMaxHeapSize                          = 1073741824                             {manageable} {ergonomic}
     intx TieredStopAtLevel                        = 1                                         {product} {command line}
     bool UseCompressedClassPointers               = true                           {product lp64_product} {ergonomic}
     bool UseCompressedOops                        = true                           {product lp64_product} {ergonomic}
     bool UseG1GC                                  = true                                      {product} {ergonomic}
     bool UseLargePagesIndividualAllocation        = false                                  {pd product} {ergonomic}

Logging:
Log output configuration:
 #0: stdout all=warning,jni+resolve=off uptime,level,tags
 #1: stderr all=off uptime,level,tags

Environment Variables:
PATH=C:\Python311\Scripts\;C:\Python311\;C:\Program Files\Common Files\Oracle\Java\javapath;C:\WINDOWS\system32;C:\WINDOWS;C:\WINDOWS\System32\Wbem;C:\WINDOWS\System32\WindowsPowerShell\v1.0\;C:\WINDOWS\System32\OpenSSH\;C:\Program Files\Java\jdk-19\bin;C:\xampp\mysql\bin\;C:\apache-maven-3.8.5\bin;C:\Program Files\nodejs\;C:\ProgramData\chocolatey\bin;C:\Program Files\Microsoft\Web Platform Installer\;C:\Program Files (x86)\Microsoft ASP.NET\ASP.NET Web Pages\v1.0\;C:\Program Files\Microsoft SQL Server\110\Tools\Binn\;C:\Program Files\Git\cmd;C:\Program Files\Microsoft SQL Server\150\Tools\Binn\;C:\Program Files\Microsoft SQL Server\Client SDK\ODBC\170\Tools\Binn\;C:\Program Files\dotnet\;C:\Users\HP\AppData\Local\Microsoft\WindowsApps;;C:\Users\HP\AppData\Local\Programs\Microsoft VS Code\bin;C:\Users\HP\AppData\Roaming\npm;C:\Users\HP\.dotnet\tools
USERNAME=HP
OS=Windows_NT
PROCESSOR_IDENTIFIER=AMD64 Family 23 Model 24 Stepping 1, AuthenticAMD
TMP=C:\Users\HP\AppData\Local\Temp
TEMP=C:\Users\HP\AppData\Local\Temp



---------------  S Y S T E M  ---------------

OS:
 Windows 11 , 64 bit Build 22621 (10.0.22621.1778)
OS uptime: 1 days 16:06 hours

CPU: total 2 (initial active 2) (2 cores per cpu, 1 threads per core) family 23 model 24 stepping 1 microcode 0x0, cx8, cmov, fxsr, mmx, 3dnowpref, sse, sse2, sse3, ssse3, sse4a, sse4.1, sse4.2, popcnt, lzcnt, tsc, tscinvbit, avx, avx2, aes, clmul, bmi1, bmi2, adx, sha, fma, vzeroupper, clflush, clflushopt

Memory: 4k page, system-wide physical 6086M (251M free)
TotalPageFile size 18586M (AvailPageFile size 0M)
current process WorkingSet (physical memory assigned to process): 8M, peak: 133M
current process commit charge ("private bytes"): 166M, peak: 184M

vm_info: OpenJDK 64-Bit Server VM (17.0.7+7) for windows-amd64 JRE (17.0.7+7), built on Apr 18 2023 22:10:42 by "temurin" with MS VC++ 16.7 (VS2019)

END.
